2111-01-01 11:11:59 0 [Note] InnoDB: First start of innodb, continuing after purge.
2111-01-01 11:11:60 0 [ERROR] InnoDB: Unable to lock ./ibdata1 error: 11
2111-01-01 11:11:45 0 [Warning] 'user' entry 'root'@'%' ignored in --skip-name-resolve mode.
2111-01-01 11:11:30 0 [Note] Server hostname (bind-address): '0.0.0.0'; port: 3306
2111-01-01 11:11:20 0 [ERROR] /usr/sbin/mysqld: Table './db/bigtable' is marked as crashed and last (automatic?) repair failed
2111-01-01 11:11:15 0 [Note] InnoDB: Transaction 41234 started in READ WRITE mode.
2111-01-01 11:11:10 0 [Warning] InnoDB: Resizing redo log from 2*3072 to 2*4096 pages
2111-01-01 11:11:07 0 [ERROR] InnoDB: Missing MLOG_CHECKPOINT at 4123456 between the checkpoint 4123400 and the end 4123500.
2111-01-01 11:11:05 0 [Note] InnoDB: Removed temporary tablespace file './ibtmp1'
2111-01-01 11:11:03 0 [Warning] Slave SQL: Could not execute Update_rows event on table db.tbl; Can't find record in 'tbl', Error_code: 1032
2111-01-01 11:11:02 0 [ERROR] mysqld: Table './db/table' is marked as crashed and should be repaired
2111-01-01 11:11:01 0 [Note] InnoDB: 128 rollback segments are active.
2111-01-01 11:11:01 0 [Warning] InnoDB: Cannot open table test/unknown from the internal data dictionary of InnoDB though the .frm file exists.
2111-01-01 11:11:01 0 [ERROR] Native table 'performance_schema'.'events_waits_current' has the wrong structure
2111-01-01 11:11:01 0 [Note] Event Scheduler: Loaded 0 events
2111-01-01 11:11:00 0 [Warning] Access denied for user 'unauth'@'192.168.1.100' (using password: YES)
2111-01-01 11:11:00 0 [ERROR] InnoDB: Page [page id: space=0, page number=123] still has an invalid LSN
2111-01-01 11:11:00 0 [Note] InnoDB: Crash recovery completed.
2111-01-01 11:11:00 0 [Warning] InnoDB: A long semaphore wait: --Thread 140123456789 has waited at dict0dict.cc line 123 for 123.00 seconds
2111-01-01 11:11:00 0 [ERROR] Can't start server: Bind on TCP/IP port. Got error: 98: Address already in use
2111-01-01 11:11:00 0 [Note] Server socket created on IP: '::'.
2111-01-01 11:11:00 0 [Warning] InnoDB: Difficult to find free blocks in the buffer pool (1340 search iterations)! Consider increasing innodb_buffer_pool_size
2111-01-01 11:11:00 0 [ERROR] Can't open and lock privilege tables: Table 'mysql.user' doesn't exist
2111-01-01 11:11:00 0 [Note] InnoDB: Waiting for purge to start
2111-01-01 11:11:00 0 [Warning] Aborted connection 123 to db: 'test' user: 'root' host: 'localhost' (Got timeout reading communication packets)
2111-01-01 11:11:00 0 [ERROR] InnoDB: Database page corruption detected
2111-01-01 11:11:00 0 [Note] InnoDB: Uses event mutexes